\BOOKMARK [1][-]{section.1}{Introduction}{}
\BOOKMARK [0][-]{part.1}{I The Ensemble Architecture}{}
\BOOKMARK [1][-]{section.2}{Identifiers}{part.1}
\BOOKMARK [2][-]{subsection.2.1}{Endpoint Identifiers}{section.2}
\BOOKMARK [2][-]{subsection.2.2}{Group Identifiers}{section.2}
\BOOKMARK [2][-]{subsection.2.3}{View Identifiers}{section.2}
\BOOKMARK [2][-]{subsection.2.4}{Connection Identifiers}{section.2}
\BOOKMARK [2][-]{subsection.2.5}{Protocol Identifiers}{section.2}
\BOOKMARK [2][-]{subsection.2.6}{Mode identifiers}{section.2}
\BOOKMARK [2][-]{subsection.2.7}{Stack Identifiers}{section.2}
\BOOKMARK [1][-]{section.3}{The Event Module}{part.1}
\BOOKMARK [2][-]{subsection.3.1}{Fields}{section.3}
\BOOKMARK [3][-]{subsubsection.3.1.1}{Extension fields}{subsection.3.1}
\BOOKMARK [3][-]{subsubsection.3.1.2}{Event Types}{subsection.3.1}
\BOOKMARK [3][-]{subsubsection.3.1.3}{Field Specifiers}{subsection.3.1}
\BOOKMARK [2][-]{subsection.3.2}{Constructors}{section.3}
\BOOKMARK [2][-]{subsection.3.3}{Special Constructors}{section.3}
\BOOKMARK [2][-]{subsection.3.4}{Modifiers}{section.3}
\BOOKMARK [2][-]{subsection.3.5}{Copiers}{section.3}
\BOOKMARK [2][-]{subsection.3.6}{Destructors}{section.3}
\BOOKMARK [1][-]{section.4}{Event protocol: Intra-stack communication}{part.1}
\BOOKMARK [2][-]{subsection.4.1}{Event Types}{section.4}
\BOOKMARK [2][-]{subsection.4.2}{Event fields}{section.4}
\BOOKMARK [3][-]{subsubsection.4.2.1}{Event Fields}{subsection.4.2}
\BOOKMARK [2][-]{subsection.4.3}{Event fields and the ``types'' for which they are defined}{section.4}
\BOOKMARK [2][-]{subsection.4.4}{Event Chains}{section.4}
\BOOKMARK [3][-]{subsubsection.4.4.1}{Timer Chain}{subsection.4.4}
\BOOKMARK [3][-]{subsubsection.4.4.2}{Send Chain}{subsection.4.4}
\BOOKMARK [3][-]{subsubsection.4.4.3}{Broadcast Chain}{subsection.4.4}
\BOOKMARK [3][-]{subsubsection.4.4.4}{Failure Chain}{subsection.4.4}
\BOOKMARK [3][-]{subsubsection.4.4.5}{Block Chain}{subsection.4.4}
\BOOKMARK [3][-]{subsubsection.4.4.6}{View Chain}{subsection.4.4}
\BOOKMARK [3][-]{subsubsection.4.4.7}{Merge Chain \(successful\)}{subsection.4.4}
\BOOKMARK [3][-]{subsubsection.4.4.8}{Merge Chain \(failed\)}{subsection.4.4}
\BOOKMARK [1][-]{section.5}{Layer Execution Model}{part.1}
\BOOKMARK [2][-]{subsection.5.1}{Callbacks}{section.5}
\BOOKMARK [2][-]{subsection.5.2}{Ordering Properties}{section.5}
\BOOKMARK [1][-]{section.6}{Layer Anatomy: what are the pieces of a layer?}{part.1}
\BOOKMARK [2][-]{subsection.6.1}{Design Goals}{section.6}
\BOOKMARK [2][-]{subsection.6.2}{Notes}{section.6}
\BOOKMARK [2][-]{subsection.6.3}{Values and Types}{section.6}
\BOOKMARK [1][-]{section.7}{Event Handlers: Standard}{part.1}
\BOOKMARK [1][-]{section.8}{Heterogeneous Transports}{part.1}
\BOOKMARK [2][-]{subsection.8.1}{Code walk-through}{section.8}
\BOOKMARK [2][-]{subsection.8.2}{Design of the routers}{section.8}
\BOOKMARK [1][-]{section.9}{The Ensemble Security Architecture \(by Ohad Rodeh\)}{part.1}
\BOOKMARK [2][-]{subsection.9.1}{Cryptographic Infrastructure}{section.9}
\BOOKMARK [2][-]{subsection.9.2}{Rekeying}{section.9}
\BOOKMARK [2][-]{subsection.9.3}{A secure stack}{section.9}
\BOOKMARK [2][-]{subsection.9.4}{Security events}{section.9}
\BOOKMARK [2][-]{subsection.9.5}{Using Security}{section.9}
\BOOKMARK [2][-]{subsection.9.6}{Checking that things work}{section.9}
\BOOKMARK [2][-]{subsection.9.7}{Using security from HOT and EJava}{section.9}
\BOOKMARK [1][-]{section.10}{Outboard messaging}{part.1}
\BOOKMARK [2][-]{subsection.10.1}{Locating the service}{section.10}
\BOOKMARK [2][-]{subsection.10.2}{Communicating with the service}{section.10}
\BOOKMARK [2][-]{subsection.10.3}{Messages from server to client}{section.10}
\BOOKMARK [2][-]{subsection.10.4}{Messages from client to server}{section.10}
\BOOKMARK [0][-]{part.2}{II The Ensemble Protocols}{}
\BOOKMARK [1][-]{section.11}{Layers and Stacks}{part.2}
\BOOKMARK [2][-]{subsection.11.1}{ANYLAYER}{section.11}
\BOOKMARK [2][-]{subsection.11.2}{CREDIT}{section.11}
\BOOKMARK [2][-]{subsection.11.3}{RATE}{section.11}
\BOOKMARK [2][-]{subsection.11.4}{BOTTOM}{section.11}
\BOOKMARK [2][-]{subsection.11.5}{CAUSAL}{section.11}
\BOOKMARK [2][-]{subsection.11.6}{ELECT}{section.11}
\BOOKMARK [2][-]{subsection.11.7}{ENCRYPT}{section.11}
\BOOKMARK [2][-]{subsection.11.8}{HEAL}{section.11}
\BOOKMARK [2][-]{subsection.11.9}{INTER}{section.11}
\BOOKMARK [2][-]{subsection.11.10}{INTRA}{section.11}
\BOOKMARK [2][-]{subsection.11.11}{LEAVE}{section.11}
\BOOKMARK [2][-]{subsection.11.12}{MERGE}{section.11}
\BOOKMARK [2][-]{subsection.11.13}{MFLOW}{section.11}
\BOOKMARK [2][-]{subsection.11.14}{MNAK}{section.11}
\BOOKMARK [2][-]{subsection.11.15}{PRIMARY}{section.11}
\BOOKMARK [2][-]{subsection.11.16}{PT2PT}{section.11}
\BOOKMARK [2][-]{subsection.11.17}{PT2PTW}{section.11}
\BOOKMARK [2][-]{subsection.11.18}{PT2PTWP}{section.11}
\BOOKMARK [2][-]{subsection.11.19}{REKEY}{section.11}
\BOOKMARK [2][-]{subsection.11.20}{REKEY\137DT}{section.11}
\BOOKMARK [2][-]{subsection.11.21}{SECCHAN}{section.11}
\BOOKMARK [2][-]{subsection.11.22}{SEQUENCER}{section.11}
\BOOKMARK [2][-]{subsection.11.23}{SLANDER}{section.11}
\BOOKMARK [2][-]{subsection.11.24}{STABLE}{section.11}
\BOOKMARK [2][-]{subsection.11.25}{SUSPECT}{section.11}
\BOOKMARK [2][-]{subsection.11.26}{SYNC}{section.11}
\BOOKMARK [2][-]{subsection.11.27}{TOPS}{section.11}
\BOOKMARK [2][-]{subsection.11.28}{TOTEM}{section.11}
\BOOKMARK [2][-]{subsection.11.29}{WINDOW}{section.11}
\BOOKMARK [2][-]{subsection.11.30}{XFER}{section.11}
\BOOKMARK [2][-]{subsection.11.31}{ZBCAST}{section.11}
\BOOKMARK [2][-]{subsection.11.32}{VSYNC}{section.11}
\BOOKMARK [1][-]{section.A}{Appendix: ML Does Not Allow Segmentation Faults}{part.2}
\BOOKMARK [1][-]{section.B}{Ensemble Membership Service TCP Interface}{part.2}
\BOOKMARK [2][-]{subsection.B.1}{Locating the service}{section.B}
\BOOKMARK [2][-]{subsection.B.2}{Communicating with the service}{section.B}
\BOOKMARK [1][-]{section.C}{Bimodal Multicast \(by Ken Birman, Mark Hayden, and Zhen Xiao\)}{part.2}
\BOOKMARK [2][-]{subsection.C.1}{Protocol description}{section.C}
\BOOKMARK [2][-]{subsection.C.2}{Usage}{section.C}
