\BOOKMARK [1][-]{section.1}{Introduction}{}
\BOOKMARK [1][-]{section.2}{Quick Installation}{}
\BOOKMARK [2][-]{subsection.2.1}{Compiling}{section.2}
\BOOKMARK [2][-]{subsection.2.2}{Configuration Variables}{section.2}
\BOOKMARK [2][-]{subsection.2.3}{Executing Applications}{section.2}
\BOOKMARK [0][-]{part.1}{I The Server}{}
\BOOKMARK [1][-]{section.3}{The Programs}{part.1}
\BOOKMARK [2][-]{subsection.3.1}{Ensembled: the ensemble daemon}{section.3}
\BOOKMARK [2][-]{subsection.3.2}{Mtalk: Multi-person Talk}{section.3}
\BOOKMARK [2][-]{subsection.3.3}{Gossip: Group Locator Service}{section.3}
\BOOKMARK [2][-]{subsection.3.4}{Groupd: Membership Service \(formerly called Domain\)}{section.3}
\BOOKMARK [2][-]{subsection.3.5}{Perf: Performance Tests}{section.3}
\BOOKMARK [2][-]{subsection.3.6}{Rand: Virtual Synchrony Debugging Tool}{section.3}
\BOOKMARK [2][-]{subsection.3.7}{Fifo: Fifo Communication Debugging Tool}{section.3}
\BOOKMARK [2][-]{subsection.3.8}{Armadillo: testing Ensemble security extensions}{section.3}
\BOOKMARK [2][-]{subsection.3.9}{Socktest}{section.3}
\BOOKMARK [1][-]{section.4}{Configuration}{part.1}
\BOOKMARK [2][-]{subsection.4.1}{Command-line Arguments and Environment Variables}{section.4}
\BOOKMARK [2][-]{subsection.4.2}{Gossip service configuration}{section.4}
\BOOKMARK [2][-]{subsection.4.3}{Transports}{section.4}
\BOOKMARK [2][-]{subsection.4.4}{Using Deering IP Multicast}{section.4}
\BOOKMARK [2][-]{subsection.4.5}{Notes and Problems}{section.4}
\BOOKMARK [1][-]{section.5}{Server ML Application Interface}{part.1}
\BOOKMARK [2][-]{subsection.5.1}{Compilation}{section.5}
\BOOKMARK [2][-]{subsection.5.2}{Interface Definition and Initialization}{section.5}
\BOOKMARK [2][-]{subsection.5.3}{Actions}{section.5}
\BOOKMARK [2][-]{subsection.5.4}{The install callback}{section.5}
\BOOKMARK [2][-]{subsection.5.5}{View state}{section.5}
\BOOKMARK [2][-]{subsection.5.6}{Asynchronous operation}{section.5}
\BOOKMARK [2][-]{subsection.5.7}{Exit notice}{section.5}
\BOOKMARK [2][-]{subsection.5.8}{Properties}{section.5}
\BOOKMARK [2][-]{subsection.5.9}{Initializing Ensemble Applications}{section.5}
\BOOKMARK [1][-]{section.6}{Using PGP}{part.1}
\BOOKMARK [1][-]{section.7}{Heterogeneous Transports}{part.1}
\BOOKMARK [2][-]{subsection.7.1}{Code walk-through}{section.7}
\BOOKMARK [2][-]{subsection.7.2}{Design of the routers}{section.7}
\BOOKMARK [0][-]{part.2}{II The Client}{}
\BOOKMARK [1][-]{section.8}{Java Application Interface}{part.2}
\BOOKMARK [2][-]{subsection.8.1}{The client state-machine}{section.8}
\BOOKMARK [2][-]{subsection.8.2}{Locking}{section.8}
\BOOKMARK [2][-]{subsection.8.3}{The View structure}{section.8}
\BOOKMARK [2][-]{subsection.8.4}{Join options}{section.8}
\BOOKMARK [2][-]{subsection.8.5}{Limitations}{section.8}
\BOOKMARK [2][-]{subsection.8.6}{Code examples}{section.8}
\BOOKMARK [1][-]{section.9}{C Application Interface}{part.2}
